<?xml version="1.0" encoding="UTF-8"?>
<testsuite xmlns:xsi="http://www.w3.org/2001/XMLSchema-instance" xsi:noNamespaceSchemaLocation="https://maven.apache.org/surefire/maven-surefire-plugin/xsd/surefire-test-report-3.0.xsd" version="3.0" name="com.Futureintern_JD_5.FutureinternJd5ApplicationTests" time="5.402" tests="1" errors="0" skipped="0" failures="0">
  <properties>
[...]
</properties>
  <testcase name="contextLoads" classname="com.Futureintern_JD_5.FutureinternJd5ApplicationTests" time="1.115">
    <system-out><![CDATA[12:50:01.390 [main] INFO org.springframework.test.context.support.AnnotationConfigContextLoaderUtils -- Could not detect default configuration classes for test class [com.Futureintern_JD_5.FutureinternJd5ApplicationTests]: FutureinternJd5ApplicationTests does not declare any static, non-private, non-final, nested classes annotated with @Configuration.
12:50:01.696 [main] INFO org.springframework.boot.test.context.SpringBootTestContextBootstrapper -- Found @SpringBootConfiguration com.Futureintern_JD_5.FutureinternJd5Application for test class com.Futureintern_JD_5.FutureinternJd5ApplicationTests

  .   ____          _            __ _ _
 /\\ / ___'_ __ _ _(_)_ __  __ _ \ \ \ \
( ( )\___ | '_ | '_| | '_ \/ _` | \ \ \ \
 \\/  ___)| |_)| | | | | || (_| |  ) ) ) )
  '  |____| .__|_| |_|_| |_\__, | / / / /
 =========|_|==============|___/=/_/_/_/

 :: Spring Boot ::                (v3.3.3)

2024-09-09T12:50:02.646+05:30  INFO 7748 --- [Futureintern_JD_5] [           main] c.F.FutureinternJd5ApplicationTests      : Starting FutureinternJd5ApplicationTests using Java 21.0.1 with PID 7748 (started by DEEPAK in D:\Internship-Projs\Futureintern-JD-Internship\Futureintern_JD_5)
2024-09-09T12:50:02.720+05:30  INFO 7748 --- [Futureintern_JD_5] [           main] c.F.FutureinternJd5ApplicationTests      : No active profile set, falling back to 1 default profile: "default"
2024-09-09T12:50:05.273+05:30  INFO 7748 --- [Futureintern_JD_5] [           main] c.F.FutureinternJd5ApplicationTests      : Started FutureinternJd5ApplicationTests in 3.234 seconds (process running for 5.398)
]]></system-out>
    <system-err><![CDATA[WARNING: A Java agent has been loaded dynamically (C:\Users\deepa\.m2\repository\net\bytebuddy\byte-buddy-agent\1.14.19\byte-buddy-agent-1.14.19.jar)
WARNING: If a serviceability tool is in use, please run with -XX:+EnableDynamicAgentLoading to hide this warning
WARNING: If a serviceability tool is not in use, please run with -Djdk.instrument.traceUsage for more information
WARNING: Dynamic loading of agents will be disallowed by default in a future release
]]></system-err>
  </testcase>
</testsuite>